<?xml version="1.0" encoding="UTF-8"?>
<testng-results ignored="0" total="2" passed="2" failed="0" skipped="0">
  <reporter-output>
  </reporter-output>
  <suite started-at="2022-08-19T09:46:18 IST" name="Default suite" finished-at="2022-08-19T09:46:18 IST" duration-ms="100">
    <groups>
    </groups>
    <test started-at="2022-08-19T09:46:18 IST" name="Default test" finished-at="2022-08-19T09:46:18 IST" duration-ms="100">
      <class name="TestCases.Prog1">
        <test-method signature="logindata(java.lang.String, java.lang.String)[pri:0, instance:TestCases.Prog1@22e357dc]" started-at="2022-08-19T09:46:18 IST" name="logindata" data-provider="login" finished-at="2022-08-19T09:46:18 IST" duration-ms="7" status="PASS">
          <params>
            <param index="0">
              <value>
                <![CDATA[user1]]>
              </value>
            </param>
            <param index="1">
              <value>
                <![CDATA[pass1]]>
              </value>
            </param>
          </params>
          <reporter-output>
          </reporter-output>
        </test-method> <!-- logindata -->
        <test-method signature="logindata(java.lang.String, java.lang.String)[pri:0, instance:TestCases.Prog1@22e357dc]" started-at="2022-08-19T09:46:18 IST" name="logindata" data-provider="login" finished-at="2022-08-19T09:46:18 IST" duration-ms="1" status="PASS">
          <params>
            <param index="0">
              <value>
                <![CDATA[user2]]>
              </value>
            </param>
            <param index="1">
              <value>
                <![CDATA[pass2]]>
              </value>
            </param>
          </params>
          <reporter-output>
          </reporter-output>
        </test-method> <!-- logindata -->
      </class> <!-- TestCases.Prog1 -->
    </test> <!-- Default test -->
  </suite> <!-- Default suite -->
</testng-results>
